# JRE version: Java(TM) SE Runtime Environment (8.0_77-b03) (build 1.8.0_77-b03)
# Java VM: Java HotSpot(TM) 64-Bit Server VM (25.77-b03 mixed mode linux-amd64 compressed oops)
Heap:
 PSYoungGen      total 210432K, used 9205K [0x00000000ebf00000, 0x00000000f9600000, 0x0000000100000000)
  eden space 201216K, 0% used [0x00000000ebf00000,0x00000000ebf00000,0x00000000f8380000)
  from space 9216K, 99% used [0x00000000f8380000,0x00000000f8c7d440,0x00000000f8c80000)
  to   space 8704K, 0% used [0x00000000f8c80000,0x00000000f8c80000,0x00000000f9500000)
 ParOldGen       total 35840K, used 18938K [0x00000000c3c00000, 0x00000000c5f00000, 0x00000000ebf00000)
  object space 35840K, 52% used [0x00000000c3c00000,0x00000000c4e7eb98,0x00000000c5f00000)
 Metaspace       used 32414K, capacity 32798K, committed 33152K, reserved 1079296K
  class space    used 4088K, capacity 4194K, committed 4224K, reserved 1048576K
GC Heap History (10 events):
Event: 2,528 GC heap after
Heap after GC invocations=7 (full 0):
 PSYoungGen      total 69120K, used 5446K [0x00000000ebf00000, 0x00000000f4700000, 0x0000000100000000)
  eden space 62976K, 0% used [0x00000000ebf00000,0x00000000ebf00000,0x00000000efc80000)
  from space 6144K, 88% used [0x00000000efc80000,0x00000000f01d1b40,0x00000000f0280000)
  to   space 6656K, 0% used [0x00000000f4080000,0x00000000f4080000,0x00000000f4700000)
 ParOldGen       total 42496K, used 5665K [0x00000000c3c00000, 0x00000000c6580000, 0x00000000ebf00000)
  object space 42496K, 13% used [0x00000000c3c00000,0x00000000c4188448,0x00000000c6580000)
 Metaspace       used 12224K, capacity 12388K, committed 12544K, reserved 1060864K
  class space    used 1452K, capacity 1518K, committed 1536K, reserved 1048576K
}
Event: 2,845 GC heap before
{Heap before GC invocations=8 (full 0):
 PSYoungGen      total 69120K, used 68422K [0x00000000ebf00000, 0x00000000f4700000, 0x0000000100000000)
  eden space 62976K, 100% used [0x00000000ebf00000,0x00000000efc80000,0x00000000efc80000)
  from space 6144K, 88% used [0x00000000efc80000,0x00000000f01d1b40,0x00000000f0280000)
  to   space 6656K, 0% used [0x00000000f4080000,0x00000000f4080000,0x00000000f4700000)
 ParOldGen       total 42496K, used 5665K [0x00000000c3c00000, 0x00000000c6580000, 0x00000000ebf00000)
  object space 42496K, 13% used [0x00000000c3c00000,0x00000000c4188448,0x00000000c6580000)
 Metaspace       used 12793K, capacity 12976K, committed 13184K, reserved 1060864K
  class space    used 1528K, capacity 1584K, committed 1664K, reserved 1048576K
Event: 2,863 GC heap after
Heap after GC invocations=8 (full 0):
 PSYoungGen      total 132608K, used 4627K [0x00000000ebf00000, 0x00000000f4700000, 0x0000000100000000)
  eden space 125952K, 0% used [0x00000000ebf00000,0x00000000ebf00000,0x00000000f3a00000)
  from space 6656K, 69% used [0x00000000f4080000,0x00000000f4504dd8,0x00000000f4700000)
  to   space 6656K, 0% used [0x00000000f3a00000,0x00000000f3a00000,0x00000000f4080000)
 ParOldGen       total 42496K, used 6205K [0x00000000c3c00000, 0x00000000c6580000, 0x00000000ebf00000)
  object space 42496K, 14% used [0x00000000c3c00000,0x00000000c420f7a8,0x00000000c6580000)
 Metaspace       used 12793K, capacity 12976K, committed 13184K, reserved 1060864K
  class space    used 1528K, capacity 1584K, committed 1664K, reserved 1048576K
}
Event: 4,123 GC heap before
{Heap before GC invocations=9 (full 0):
 PSYoungGen      total 132608K, used 130579K [0x00000000ebf00000, 0x00000000f4700000, 0x0000000100000000)
  eden space 125952K, 100% used [0x00000000ebf00000,0x00000000f3a00000,0x00000000f3a00000)
  from space 6656K, 69% used [0x00000000f4080000,0x00000000f4504dd8,0x00000000f4700000)
  to   space 6656K, 0% used [0x00000000f3a00000,0x00000000f3a00000,0x00000000f4080000)
 ParOldGen       total 42496K, used 6205K [0x00000000c3c00000, 0x00000000c6580000, 0x00000000ebf00000)
  object space 42496K, 14% used [0x00000000c3c00000,0x00000000c420f7a8,0x00000000c6580000)
 Metaspace       used 16015K, capacity 16192K, committed 16384K, reserved 1062912K
  class space    used 1973K, capacity 2008K, committed 2048K, reserved 1048576K
Event: 4,142 GC heap after
Heap after GC invocations=9 (full 0):
 PSYoungGen      total 132608K, used 6647K [0x00000000ebf00000, 0x00000000f9500000, 0x0000000100000000)
  eden space 125952K, 0% used [0x00000000ebf00000,0x00000000ebf00000,0x00000000f3a00000)
  from space 6656K, 99% used [0x00000000f3a00000,0x00000000f407dca0,0x00000000f4080000)
  to   space 8704K, 0% used [0x00000000f8c80000,0x00000000f8c80000,0x00000000f9500000)
 ParOldGen       total 42496K, used 9313K [0x00000000c3c00000, 0x00000000c6580000, 0x00000000ebf00000)
  object space 42496K, 21% used [0x00000000c3c00000,0x00000000c4518408,0x00000000c6580000)
 Metaspace       used 16015K, capacity 16192K, committed 16384K, reserved 1062912K
  class space    used 1973K, capacity 2008K, committed 2048K, reserved 1048576K
}
Event: 5,051 GC heap before
{Heap before GC invocations=10 (full 0):
 PSYoungGen      total 132608K, used 84482K [0x00000000ebf00000, 0x00000000f9500000, 0x0000000100000000)
  eden space 125952K, 61% used [0x00000000ebf00000,0x00000000f0b02e10,0x00000000f3a00000)
  from space 6656K, 99% used [0x00000000f3a00000,0x00000000f407dca0,0x00000000f4080000)
  to   space 8704K, 0% used [0x00000000f8c80000,0x00000000f8c80000,0x00000000f9500000)
 ParOldGen       total 42496K, used 9313K [0x00000000c3c00000, 0x00000000c6580000, 0x00000000ebf00000)
  object space 42496K, 21% used [0x00000000c3c00000,0x00000000c4518408,0x00000000c6580000)
 Metaspace       used 20797K, capacity 20994K, committed 21296K, reserved 1069056K
  class space    used 2562K, capacity 2622K, committed 2688K, reserved 1048576K
Event: 5,072 GC heap after
Heap after GC invocations=10 (full 0):
 PSYoungGen      total 209920K, used 7538K [0x00000000ebf00000, 0x00000000f9600000, 0x0000000100000000)
  eden space 201216K, 0% used [0x00000000ebf00000,0x00000000ebf00000,0x00000000f8380000)
  from space 8704K, 86% used [0x00000000f8c80000,0x00000000f93dc840,0x00000000f9500000)
  to   space 9216K, 0% used [0x00000000f8380000,0x00000000f8380000,0x00000000f8c80000)
 ParOldGen       total 42496K, used 11118K [0x00000000c3c00000, 0x00000000c6580000, 0x00000000ebf00000)
  object space 42496K, 26% used [0x00000000c3c00000,0x00000000c46db818,0x00000000c6580000)
 Metaspace       used 20797K, capacity 20994K, committed 21296K, reserved 1069056K
  class space    used 2562K, capacity 2622K, committed 2688K, reserved 1048576K
}
Event: 5,072 GC heap before
{Heap before GC invocations=11 (full 1):
 PSYoungGen      total 209920K, used 7538K [0x00000000ebf00000, 0x00000000f9600000, 0x0000000100000000)
  eden space 201216K, 0% used [0x00000000ebf00000,0x00000000ebf00000,0x00000000f8380000)
  from space 8704K, 86% used [0x00000000f8c80000,0x00000000f93dc840,0x00000000f9500000)
  to   space 9216K, 0% used [0x00000000f8380000,0x00000000f8380000,0x00000000f8c80000)
 ParOldGen       total 42496K, used 11118K [0x00000000c3c00000, 0x00000000c6580000, 0x00000000ebf00000)
  object space 42496K, 26% used [0x00000000c3c00000,0x00000000c46db818,0x00000000c6580000)
 Metaspace       used 20797K, capacity 20994K, committed 21296K, reserved 1069056K
  class space    used 2562K, capacity 2622K, committed 2688K, reserved 1048576K
Event: 5,156 GC heap after
Heap after GC invocations=11 (full 1):
 PSYoungGen      total 209920K, used 0K [0x00000000ebf00000, 0x00000000f9600000, 0x0000000100000000)
  eden space 201216K, 0% used [0x00000000ebf00000,0x00000000ebf00000,0x00000000f8380000)
  from space 8704K, 0% used [0x00000000f8c80000,0x00000000f8c80000,0x00000000f9500000)
  to   space 9216K, 0% used [0x00000000f8380000,0x00000000f8380000,0x00000000f8c80000)
 ParOldGen       total 35840K, used 11089K [0x00000000c3c00000, 0x00000000c5f00000, 0x00000000ebf00000)
  object space 35840K, 30% used [0x00000000c3c00000,0x00000000c46d46a0,0x00000000c5f00000)
 Metaspace       used 20797K, capacity 20994K, committed 21296K, reserved 1069056K
  class space    used 2562K, capacity 2622K, committed 2688K, reserved 1048576K
}
Event: 72,050 GC heap before
{Heap before GC invocations=12 (full 1):
 PSYoungGen      total 209920K, used 201216K [0x00000000ebf00000, 0x00000000f9600000, 0x0000000100000000)
  eden space 201216K, 100% used [0x00000000ebf00000,0x00000000f8380000,0x00000000f8380000)
  from space 8704K, 0% used [0x00000000f8c80000,0x00000000f8c80000,0x00000000f9500000)
  to   space 9216K, 0% used [0x00000000f8380000,0x00000000f8380000,0x00000000f8c80000)
 ParOldGen       total 35840K, used 11089K [0x00000000c3c00000, 0x00000000c5f00000, 0x00000000ebf00000)
  object space 35840K, 30% used [0x00000000c3c00000,0x00000000c46d46a0,0x00000000c5f00000)
 Metaspace       used 32414K, capacity 32798K, committed 33152K, reserved 1079296K
  class space    used 4088K, capacity 4194K, committed 4224K, reserved 1048576K

