# JRE version: OpenJDK Runtime Environment (8.0_141-b15) (build 1.8.0_141-8u141-b15-1~deb9u1-b15)
# Java VM: OpenJDK 64-Bit Server VM (25.141-b15 mixed mode linux-amd64 compressed oops)
Heap:
 PSYoungGen      total 37888K, used 6071K [0x00000000d6f00000, 0x00000000ddc00000, 0x0000000100000000)
  eden space 36864K, 13% used [0x00000000d6f00000,0x00000000d73eecb0,0x00000000d9300000)
  from space 1024K, 99% used [0x00000000dda00000,0x00000000ddafefe0,0x00000000ddb00000)
  to   space 1024K, 0% used [0x00000000ddb00000,0x00000000ddb00000,0x00000000ddc00000)
 ParOldGen       total 181248K, used 87095K [0x0000000084c00000, 0x000000008fd00000, 0x00000000d6f00000)
  object space 181248K, 48% used [0x0000000084c00000,0x000000008a10df58,0x000000008fd00000)
 Metaspace       used 85970K, capacity 87004K, committed 89304K, reserved 1128448K
  class space    used 10367K, capacity 10601K, committed 10968K, reserved 1048576K
GC Heap History (10 events):
Event: 9318.482 GC heap before
{Heap before GC invocations=483 (full 3):
 PSYoungGen      total 36352K, used 35936K [0x00000000d6f00000, 0x00000000ddc00000, 0x0000000100000000)
  eden space 35840K, 100% used [0x00000000d6f00000,0x00000000d9200000,0x00000000d9200000)
  from space 512K, 18% used [0x00000000ddb00000,0x00000000ddb18000,0x00000000ddb80000)
  to   space 512K, 0% used [0x00000000ddb80000,0x00000000ddb80000,0x00000000ddc00000)
 ParOldGen       total 181248K, used 121782K [0x0000000084c00000, 0x000000008fd00000, 0x00000000d6f00000)
  object space 181248K, 67% used [0x0000000084c00000,0x000000008c2ed900,0x000000008fd00000)
 Metaspace       used 87152K, capacity 88916K, committed 89048K, reserved 1128448K
  class space    used 10538K, capacity 10919K, committed 10968K, reserved 1048576K
Event: 9318.488 GC heap after
Heap after GC invocations=483 (full 3):
 PSYoungGen      total 36352K, used 224K [0x00000000d6f00000, 0x00000000ddc00000, 0x0000000100000000)
  eden space 35840K, 0% used [0x00000000d6f00000,0x00000000d6f00000,0x00000000d9200000)
  from space 512K, 43% used [0x00000000ddb80000,0x00000000ddbb8000,0x00000000ddc00000)
  to   space 512K, 0% used [0x00000000ddb00000,0x00000000ddb00000,0x00000000ddb80000)
 ParOldGen       total 181248K, used 121782K [0x0000000084c00000, 0x000000008fd00000, 0x00000000d6f00000)
  object space 181248K, 67% used [0x0000000084c00000,0x000000008c2ed900,0x000000008fd00000)
 Metaspace       used 87152K, capacity 88916K, committed 89048K, reserved 1128448K
  class space    used 10538K, capacity 10919K, committed 10968K, reserved 1048576K
}
Event: 9328.136 GC heap before
{Heap before GC invocations=484 (full 3):
 PSYoungGen      total 36352K, used 36064K [0x00000000d6f00000, 0x00000000ddc00000, 0x0000000100000000)
  eden space 35840K, 100% used [0x00000000d6f00000,0x00000000d9200000,0x00000000d9200000)
  from space 512K, 43% used [0x00000000ddb80000,0x00000000ddbb8000,0x00000000ddc00000)
  to   space 512K, 0% used [0x00000000ddb00000,0x00000000ddb00000,0x00000000ddb80000)
 ParOldGen       total 181248K, used 121782K [0x0000000084c00000, 0x000000008fd00000, 0x00000000d6f00000)
  object space 181248K, 67% used [0x0000000084c00000,0x000000008c2ed900,0x000000008fd00000)
 Metaspace       used 87155K, capacity 88916K, committed 89048K, reserved 1128448K
  class space    used 10538K, capacity 10919K, committed 10968K, reserved 1048576K
Event: 9328.140 GC heap after
Heap after GC invocations=484 (full 3):
 PSYoungGen      total 36352K, used 512K [0x00000000d6f00000, 0x00000000ddc00000, 0x0000000100000000)
  eden space 35840K, 0% used [0x00000000d6f00000,0x00000000d6f00000,0x00000000d9200000)
  from space 512K, 100% used [0x00000000ddb00000,0x00000000ddb80000,0x00000000ddb80000)
  to   space 512K, 0% used [0x00000000ddb80000,0x00000000ddb80000,0x00000000ddc00000)
 ParOldGen       total 181248K, used 121902K [0x0000000084c00000, 0x000000008fd00000, 0x00000000d6f00000)
  object space 181248K, 67% used [0x0000000084c00000,0x000000008c30b900,0x000000008fd00000)
 Metaspace       used 87155K, capacity 88916K, committed 89048K, reserved 1128448K
  class space    used 10538K, capacity 10919K, committed 10968K, reserved 1048576K
}
Event: 9328.916 GC heap before
{Heap before GC invocations=485 (full 3):
 PSYoungGen      total 36352K, used 9874K [0x00000000d6f00000, 0x00000000ddc00000, 0x0000000100000000)
  eden space 35840K, 26% used [0x00000000d6f00000,0x00000000d7824b08,0x00000000d9200000)
  from space 512K, 100% used [0x00000000ddb00000,0x00000000ddb80000,0x00000000ddb80000)
  to   space 512K, 0% used [0x00000000ddb80000,0x00000000ddb80000,0x00000000ddc00000)
 ParOldGen       total 181248K, used 121902K [0x0000000084c00000, 0x000000008fd00000, 0x00000000d6f00000)
  object space 181248K, 67% used [0x0000000084c00000,0x000000008c30b900,0x000000008fd00000)
 Metaspace       used 87274K, capacity 89082K, committed 89304K, reserved 1128448K
  class space    used 10555K, capacity 10953K, committed 10968K, reserved 1048576K
Event: 9328.920 GC heap after
Heap after GC invocations=485 (full 3):
 PSYoungGen      total 36352K, used 512K [0x00000000d6f00000, 0x00000000ddc00000, 0x0000000100000000)
  eden space 35840K, 0% used [0x00000000d6f00000,0x00000000d6f00000,0x00000000d9200000)
  from space 512K, 100% used [0x00000000ddb80000,0x00000000ddc00000,0x00000000ddc00000)
  to   space 1024K, 0% used [0x00000000dda00000,0x00000000dda00000,0x00000000ddb00000)
 ParOldGen       total 181248K, used 122106K [0x0000000084c00000, 0x000000008fd00000, 0x00000000d6f00000)
  object space 181248K, 67% used [0x0000000084c00000,0x000000008c33eb28,0x000000008fd00000)
 Metaspace       used 87274K, capacity 89082K, committed 89304K, reserved 1128448K
  class space    used 10555K, capacity 10953K, committed 10968K, reserved 1048576K
}
Event: 9328.920 GC heap before
{Heap before GC invocations=486 (full 4):
 PSYoungGen      total 36352K, used 512K [0x00000000d6f00000, 0x00000000ddc00000, 0x0000000100000000)
  eden space 35840K, 0% used [0x00000000d6f00000,0x00000000d6f00000,0x00000000d9200000)
  from space 512K, 100% used [0x00000000ddb80000,0x00000000ddc00000,0x00000000ddc00000)
  to   space 1024K, 0% used [0x00000000dda00000,0x00000000dda00000,0x00000000ddb00000)
 ParOldGen       total 181248K, used 122106K [0x0000000084c00000, 0x000000008fd00000, 0x00000000d6f00000)
  object space 181248K, 67% used [0x0000000084c00000,0x000000008c33eb28,0x000000008fd00000)
 Metaspace       used 87274K, capacity 89082K, committed 89304K, reserved 1128448K
  class space    used 10555K, capacity 10953K, committed 10968K, reserved 1048576K
Event: 9329.309 GC heap after
Heap after GC invocations=486 (full 4):
 PSYoungGen      total 36352K, used 0K [0x00000000d6f00000, 0x00000000ddc00000, 0x0000000100000000)
  eden space 35840K, 0% used [0x00000000d6f00000,0x00000000d6f00000,0x00000000d9200000)
  from space 512K, 0% used [0x00000000ddb80000,0x00000000ddb80000,0x00000000ddc00000)
  to   space 1024K, 0% used [0x00000000dda00000,0x00000000dda00000,0x00000000ddb00000)
 ParOldGen       total 181248K, used 86972K [0x0000000084c00000, 0x000000008fd00000, 0x00000000d6f00000)
  object space 181248K, 47% used [0x0000000084c00000,0x000000008a0ef120,0x000000008fd00000)
 Metaspace       used 85957K, capacity 86994K, committed 89304K, reserved 1128448K
  class space    used 10364K, capacity 10599K, committed 10968K, reserved 1048576K
}
Event: 9329.421 GC heap before
{Heap before GC invocations=487 (full 4):
 PSYoungGen      total 36352K, used 35833K [0x00000000d6f00000, 0x00000000ddc00000, 0x0000000100000000)
  eden space 35840K, 99% used [0x00000000d6f00000,0x00000000d91fe7d0,0x00000000d9200000)
  from space 512K, 0% used [0x00000000ddb80000,0x00000000ddb80000,0x00000000ddc00000)
  to   space 1024K, 0% used [0x00000000dda00000,0x00000000dda00000,0x00000000ddb00000)
 ParOldGen       total 181248K, used 86972K [0x0000000084c00000, 0x000000008fd00000, 0x00000000d6f00000)
  object space 181248K, 47% used [0x0000000084c00000,0x000000008a0ef120,0x000000008fd00000)
 Metaspace       used 85970K, capacity 87004K, committed 89304K, reserved 1128448K
  class space    used 10367K, capacity 10601K, committed 10968K, reserved 1048576K
Event: 9329.426 GC heap after
Heap after GC invocations=487 (full 4):
 PSYoungGen      total 37888K, used 1019K [0x00000000d6f00000, 0x00000000ddc00000, 0x0000000100000000)
  eden space 36864K, 0% used [0x00000000d6f00000,0x00000000d6f00000,0x00000000d9300000)
  from space 1024K, 99% used [0x00000000dda00000,0x00000000ddafefe0,0x00000000ddb00000)
  to   space 1024K, 0% used [0x00000000ddb00000,0x00000000ddb00000,0x00000000ddc00000)
 ParOldGen       total 181248K, used 87095K [0x0000000084c00000, 0x000000008fd00000, 0x00000000d6f00000)
  object space 181248K, 48% used [0x0000000084c00000,0x000000008a10df58,0x000000008fd00000)
 Metaspace       used 85970K, capacity 87004K, committed 89304K, reserved 1128448K
  class space    used 10367K, capacity 10601K, committed 10968K, reserved 1048576K
}

