# JRE version: Java(TM) SE Runtime Environment (8.0_77-b03) (build 1.8.0_77-b03)
# Java VM: Java HotSpot(TM) 64-Bit Server VM (25.77-b03 mixed mode linux-amd64 compressed oops)
Heap:
 PSYoungGen      total 295936K, used 0K [0x00000000ebf00000, 0x0000000100000000, 0x0000000100000000)
  eden space 281600K, 0% used [0x00000000ebf00000,0x00000000ebf00000,0x00000000fd200000)
  from space 14336K, 0% used [0x00000000fd200000,0x00000000fd200000,0x00000000fe000000)
  to   space 24064K, 0% used [0x00000000fe880000,0x00000000fe880000,0x0000000100000000)
 ParOldGen       total 53248K, used 49164K [0x00000000c3c00000, 0x00000000c7000000, 0x00000000ebf00000)
  object space 53248K, 92% used [0x00000000c3c00000,0x00000000c6c03208,0x00000000c7000000)
 Metaspace       used 57772K, capacity 58838K, committed 58968K, reserved 1101824K
  class space    used 7178K, capacity 7442K, committed 7552K, reserved 1048576K
GC Heap History (10 events):
Event: 14,813 GC heap after
Heap after GC invocations=15 (full 1):
 PSYoungGen      total 313856K, used 2133K [0x00000000ebf00000, 0x0000000100000000, 0x0000000100000000)
  eden space 299008K, 0% used [0x00000000ebf00000,0x00000000ebf00000,0x00000000fe300000)
  from space 14848K, 14% used [0x00000000ff180000,0x00000000ff3957e8,0x0000000100000000)
  to   space 14848K, 0% used [0x00000000fe300000,0x00000000fe300000,0x00000000ff180000)
 ParOldGen       total 35840K, used 25874K [0x00000000c3c00000, 0x00000000c5f00000, 0x00000000ebf00000)
  object space 35840K, 72% used [0x00000000c3c00000,0x00000000c5544868,0x00000000c5f00000)
 Metaspace       used 34963K, capacity 35244K, committed 35416K, reserved 1081344K
  class space    used 4428K, capacity 4475K, committed 4480K, reserved 1048576K
}
Event: 14,813 GC heap before
{Heap before GC invocations=16 (full 2):
 PSYoungGen      total 313856K, used 2133K [0x00000000ebf00000, 0x0000000100000000, 0x0000000100000000)
  eden space 299008K, 0% used [0x00000000ebf00000,0x00000000ebf00000,0x00000000fe300000)
  from space 14848K, 14% used [0x00000000ff180000,0x00000000ff3957e8,0x0000000100000000)
  to   space 14848K, 0% used [0x00000000fe300000,0x00000000fe300000,0x00000000ff180000)
 ParOldGen       total 35840K, used 25874K [0x00000000c3c00000, 0x00000000c5f00000, 0x00000000ebf00000)
  object space 35840K, 72% used [0x00000000c3c00000,0x00000000c5544868,0x00000000c5f00000)
 Metaspace       used 34963K, capacity 35244K, committed 35416K, reserved 1081344K
  class space    used 4428K, capacity 4475K, committed 4480K, reserved 1048576K
Event: 14,958 GC heap after
Heap after GC invocations=16 (full 2):
 PSYoungGen      total 313856K, used 0K [0x00000000ebf00000, 0x0000000100000000, 0x0000000100000000)
  eden space 299008K, 0% used [0x00000000ebf00000,0x00000000ebf00000,0x00000000fe300000)
  from space 14848K, 0% used [0x00000000ff180000,0x00000000ff180000,0x0000000100000000)
  to   space 14848K, 0% used [0x00000000fe300000,0x00000000fe300000,0x00000000ff180000)
 ParOldGen       total 53248K, used 20653K [0x00000000c3c00000, 0x00000000c7000000, 0x00000000ebf00000)
  object space 53248K, 38% used [0x00000000c3c00000,0x00000000c502b428,0x00000000c7000000)
 Metaspace       used 34963K, capacity 35244K, committed 35416K, reserved 1081344K
  class space    used 4428K, capacity 4475K, committed 4480K, reserved 1048576K
}
Event: 19,266 GC heap before
{Heap before GC invocations=17 (full 2):
 PSYoungGen      total 313856K, used 299008K [0x00000000ebf00000, 0x0000000100000000, 0x0000000100000000)
  eden space 299008K, 100% used [0x00000000ebf00000,0x00000000fe300000,0x00000000fe300000)
  from space 14848K, 0% used [0x00000000ff180000,0x00000000ff180000,0x0000000100000000)
  to   space 14848K, 0% used [0x00000000fe300000,0x00000000fe300000,0x00000000ff180000)
 ParOldGen       total 53248K, used 20653K [0x00000000c3c00000, 0x00000000c7000000, 0x00000000ebf00000)
  object space 53248K, 38% used [0x00000000c3c00000,0x00000000c502b428,0x00000000c7000000)
 Metaspace       used 41897K, capacity 42768K, committed 42968K, reserved 1087488K
  class space    used 5124K, capacity 5329K, committed 5376K, reserved 1048576K
Event: 19,319 GC heap after
Heap after GC invocations=17 (full 2):
 PSYoungGen      total 313344K, used 13970K [0x00000000ebf00000, 0x0000000100000000, 0x0000000100000000)
  eden space 299008K, 0% used [0x00000000ebf00000,0x00000000ebf00000,0x00000000fe300000)
  from space 14336K, 97% used [0x00000000fe300000,0x00000000ff0a4af8,0x00000000ff100000)
  to   space 15360K, 0% used [0x00000000ff100000,0x00000000ff100000,0x0000000100000000)
 ParOldGen       total 53248K, used 20661K [0x00000000c3c00000, 0x00000000c7000000, 0x00000000ebf00000)
  object space 53248K, 38% used [0x00000000c3c00000,0x00000000c502d428,0x00000000c7000000)
 Metaspace       used 41897K, capacity 42768K, committed 42968K, reserved 1087488K
  class space    used 5124K, capacity 5329K, committed 5376K, reserved 1048576K
}
Event: 22,848 GC heap before
{Heap before GC invocations=18 (full 2):
 PSYoungGen      total 313344K, used 312978K [0x00000000ebf00000, 0x0000000100000000, 0x0000000100000000)
  eden space 299008K, 100% used [0x00000000ebf00000,0x00000000fe300000,0x00000000fe300000)
  from space 14336K, 97% used [0x00000000fe300000,0x00000000ff0a4af8,0x00000000ff100000)
  to   space 15360K, 0% used [0x00000000ff100000,0x00000000ff100000,0x0000000100000000)
 ParOldGen       total 53248K, used 20661K [0x00000000c3c00000, 0x00000000c7000000, 0x00000000ebf00000)
  object space 53248K, 38% used [0x00000000c3c00000,0x00000000c502d428,0x00000000c7000000)
 Metaspace       used 52929K, capacity 53916K, committed 54232K, reserved 1097728K
  class space    used 6579K, capacity 6835K, committed 6912K, reserved 1048576K
Event: 22,935 GC heap after
Heap after GC invocations=18 (full 2):
 PSYoungGen      total 296960K, used 15341K [0x00000000ebf00000, 0x0000000100000000, 0x0000000100000000)
  eden space 281600K, 0% used [0x00000000ebf00000,0x00000000ebf00000,0x00000000fd200000)
  from space 15360K, 99% used [0x00000000ff100000,0x00000000ffffb6f8,0x0000000100000000)
  to   space 23552K, 0% used [0x00000000fd200000,0x00000000fd200000,0x00000000fe900000)
 ParOldGen       total 53248K, used 33156K [0x00000000c3c00000, 0x00000000c7000000, 0x00000000ebf00000)
  object space 53248K, 62% used [0x00000000c3c00000,0x00000000c5c612a0,0x00000000c7000000)
 Metaspace       used 52929K, capacity 53916K, committed 54232K, reserved 1097728K
  class space    used 6579K, capacity 6835K, committed 6912K, reserved 1048576K
}
Event: 26,551 GC heap before
{Heap before GC invocations=19 (full 2):
 PSYoungGen      total 296960K, used 218836K [0x00000000ebf00000, 0x0000000100000000, 0x0000000100000000)
  eden space 281600K, 72% used [0x00000000ebf00000,0x00000000f85b9ac8,0x00000000fd200000)
  from space 15360K, 99% used [0x00000000ff100000,0x00000000ffffb6f8,0x0000000100000000)
  to   space 23552K, 0% used [0x00000000fd200000,0x00000000fd200000,0x00000000fe900000)
 ParOldGen       total 53248K, used 33156K [0x00000000c3c00000, 0x00000000c7000000, 0x00000000ebf00000)
  object space 53248K, 62% used [0x00000000c3c00000,0x00000000c5c612a0,0x00000000c7000000)
 Metaspace       used 57772K, capacity 58838K, committed 58968K, reserved 1101824K
  class space    used 7178K, capacity 7442K, committed 7552K, reserved 1048576K
Event: 26,736 GC heap after
Heap after GC invocations=19 (full 2):
 PSYoungGen      total 295936K, used 14315K [0x00000000ebf00000, 0x0000000100000000, 0x0000000100000000)
  eden space 281600K, 0% used [0x00000000ebf00000,0x00000000ebf00000,0x00000000fd200000)
  from space 14336K, 99% used [0x00000000fd200000,0x00000000fdffada8,0x00000000fe000000)
  to   space 24064K, 0% used [0x00000000fe880000,0x00000000fe880000,0x0000000100000000)
 ParOldGen       total 53248K, used 43264K [0x00000000c3c00000, 0x00000000c7000000, 0x00000000ebf00000)
  object space 53248K, 81% used [0x00000000c3c00000,0x00000000c6640160,0x00000000c7000000)
 Metaspace       used 57772K, capacity 58838K, committed 58968K, reserved 1101824K
  class space    used 7178K, capacity 7442K, committed 7552K, reserved 1048576K
}
Event: 26,760 GC heap before
{Heap before GC invocations=20 (full 3):
 PSYoungGen      total 295936K, used 14315K [0x00000000ebf00000, 0x0000000100000000, 0x0000000100000000)
  eden space 281600K, 0% used [0x00000000ebf00000,0x00000000ebf00000,0x00000000fd200000)
  from space 14336K, 99% used [0x00000000fd200000,0x00000000fdffada8,0x00000000fe000000)
  to   space 24064K, 0% used [0x00000000fe880000,0x00000000fe880000,0x0000000100000000)
 ParOldGen       total 53248K, used 43264K [0x00000000c3c00000, 0x00000000c7000000, 0x00000000ebf00000)
  object space 53248K, 81% used [0x00000000c3c00000,0x00000000c6640160,0x00000000c7000000)
 Metaspace       used 57772K, capacity 58838K, committed 58968K, reserved 1101824K
  class space    used 7178K, capacity 7442K, committed 7552K, reserved 1048576K

